Using pre-set license
Built from '2020.2/release' branch; Version is '2020.2.1f1 (270dd8c3da1c) revision 2559448'; Using compiler version '192528614'; Build Type 'Release'
OS: 'Windows 10  (10.0.0) 64bit' Language: 'en' Physical Memory: 16305 MB
BatchMode: 1, IsHumanControllingUs: 0, StartBugReporterOnCrash: 0, Is64bit: 1, IsPro: 0

 COMMAND LINE ARGUMENTS:
C:\Users\egome\Documents\2020.2.1f1\Editor\Unity.exe
-adb2
-batchMode
-noUpm
-name
AssetImportWorker0
-projectPath
C:/Users/egome/Documents/GitRepos/Platformer/DemoPlatformer
-logFile
Logs/AssetImportWorker0.log
-srvPort
52590
Successfully changed project path to: C:/Users/egome/Documents/GitRepos/Platformer/DemoPlatformer
C:/Users/egome/Documents/GitRepos/Platformer/DemoPlatformer
Using Asset Import Pipeline V2.
Refreshing native plugins compatible for Editor in 67.44 ms, found 1 plugins.
Preloading 0 native plugins for Editor in 0.00 ms.
Initialize engine version: 2020.2.1f1 (270dd8c3da1c)
[Subsystems] Discovering subsystems at path C:/Users/egome/Documents/2020.2.1f1/Editor/Data/Resources/UnitySubsystems
[Subsystems] Discovering subsystems at path C:/Users/egome/Documents/GitRepos/Platformer/DemoPlatformer/Assets
GfxDevice: creating device client; threaded=0
Direct3D:
    Version:  Direct3D 11.0 [level 11.1]
    Renderer: NVIDIA GeForce GTX 1060 (ID=0x1c20)
    Vendor:   
    VRAM:     6054 MB
    Driver:   26.21.14.4614
Initialize mono
Mono path[0] = 'C:/Users/egome/Documents/2020.2.1f1/Editor/Data/Managed'
Mono path[1] = 'C:/Users/egome/Documents/2020.2.1f1/Editor/Data/MonoBleedingEdge/lib/mono/unityjit'
Mono config path = 'C:/Users/egome/Documents/2020.2.1f1/Editor/Data/MonoBleedingEdge/etc'
Using monoOptions --debugger-agent=transport=dt_socket,embedding=1,server=y,suspend=n,address=127.0.0.1:56852
Begin MonoManager ReloadAssembly
Registering precompiled unity dll's ...
Register platform support module: C:/Users/egome/Documents/2020.2.1f1/Editor/Data/PlaybackEngines/WindowsStandaloneSupport/UnityEditor.WindowsStandalone.Extensions.dll
Registered in 0.001792 seconds.
Native extension for WindowsStandalone target not found
Refreshing native plugins compatible for Editor in 40.93 ms, found 1 plugins.
Preloading 0 native plugins for Editor in 0.00 ms.
Invoked RoslynAnalysisRunner static constructor.
RoslynAnalysisRunner will not be running.
RoslynAnalysisRunner has terminated.
Mono: successfully reloaded assembly
- Completed reload, in  2.349 seconds
Platform modules already initialized, skipping
Registering precompiled user dll's ...
Registered in 0.000946 seconds.
Begin MonoManager ReloadAssembly
Native extension for WindowsStandalone target not found
Refreshing native plugins compatible for Editor in 47.59 ms, found 1 plugins.
Preloading 0 native plugins for Editor in 0.00 ms.
Invoked RoslynAnalysisRunner static constructor.
RoslynAnalysisRunner will not be running.
RoslynAnalysisRunner has terminated.
Mono: successfully reloaded assembly
- Completed reload, in  1.015 seconds
Platform modules already initialized, skipping
========================================================================
Worker process is ready to serve import requests
Launched and connected shader compiler UnityShaderCompiler.exe after 0.05 seconds
Refreshing native plugins compatible for Editor in 0.44 ms, found 1 plugins.
Preloading 0 native plugins for Editor in 0.00 ms.
Unloading 2090 Unused Serialized files (Serialized files now loaded: 0)
System memory in use before: 94.5 MB.
System memory in use after: 94.5 MB.

Unloading 26 unused Assets to reduce memory usage. Loaded Objects now: 2533.
Total: 2.742700 ms (FindLiveObjects: 0.269500 ms CreateObjectMapping: 0.097700 ms MarkObjects: 2.226800 ms  DeleteObjects: 0.147200 ms)

========================================================================
Received Import Request.
  path: Assets/Prefabs/Square.prefab
  artifactKey: Guid(d296a66653553814d9e72773fd253f11) Importer(815301076,1909f56bfc062723c751e8b465ee728b)
Start importing Assets/Prefabs/Square.prefab using Guid(d296a66653553814d9e72773fd253f11) Importer(815301076,1909f56bfc062723c751e8b465ee728b)  -> (artifact id: 'c4a7a0f45c773c25f6a0d6e52de63606') in 0.109599 seconds
  Import took 0.114065 seconds .

========================================================================
Received Import Request.
  Time since last request: 11.129856 seconds.
  path: Assets/Scripts/Enemies/SimpleEnemy.cs
  artifactKey: Guid(34d780505020f2f45b5eee13f73ae19d) Importer(815301076,1909f56bfc062723c751e8b465ee728b)
Start importing Assets/Scripts/Enemies/SimpleEnemy.cs using Guid(34d780505020f2f45b5eee13f73ae19d) Importer(815301076,1909f56bfc062723c751e8b465ee728b)  -> (artifact id: '89901a6ae96046317081b96d70a61014') in 0.021841 seconds
  Import took 0.026750 seconds .

========================================================================
Received Import Request.
  Time since last request: 0.002324 seconds.
  path: Assets/Scripts/Enemies/SimpleEnemy.cs
  artifactKey: Guid(34d780505020f2f45b5eee13f73ae19d) Importer(815301076,1909f56bfc062723c751e8b465ee728b)
Start importing Assets/Scripts/Enemies/SimpleEnemy.cs using Guid(34d780505020f2f45b5eee13f73ae19d) Importer(815301076,1909f56bfc062723c751e8b465ee728b)  -> (artifact id: '89901a6ae96046317081b96d70a61014') in 0.005010 seconds
  Import took 0.011985 seconds .

========================================================================
Received Import Request.
  Time since last request: 41.994297 seconds.
  path: Assets/Scripts/Enemies/SimpleEnemy.cs
  artifactKey: Guid(34d780505020f2f45b5eee13f73ae19d) Importer(815301076,1909f56bfc062723c751e8b465ee728b)
Start importing Assets/Scripts/Enemies/SimpleEnemy.cs using Guid(34d780505020f2f45b5eee13f73ae19d) Importer(815301076,1909f56bfc062723c751e8b465ee728b)  -> (artifact id: '0dedba9f4188a4e263324118de00d265') in 0.004162 seconds
  Import took 0.008361 seconds .

========================================================================
Received Prepare
Registering precompiled user dll's ...
Registered in 0.001317 seconds.
Begin MonoManager ReloadAssembly
Native extension for WindowsStandalone target not found
Refreshing native plugins compatible for Editor in 0.52 ms, found 1 plugins.
Preloading 0 native plugins for Editor in 0.00 ms.
Invoked RoslynAnalysisRunner static constructor.
RoslynAnalysisRunner will not be running.
RoslynAnalysisRunner has terminated.
Mono: successfully reloaded assembly
- Completed reload, in  0.985 seconds
Platform modules already initialized, skipping
Refreshing native plugins compatible for Editor in 0.44 ms, found 1 plugins.
Preloading 0 native plugins for Editor in 0.00 ms.
Unloading 2085 Unused Serialized files (Serialized files now loaded: 0)
System memory in use before: 97.7 MB.
System memory in use after: 97.7 MB.

Unloading 12 unused Assets to reduce memory usage. Loaded Objects now: 2543.
Total: 4.277000 ms (FindLiveObjects: 0.456400 ms CreateObjectMapping: 0.143600 ms MarkObjects: 3.475900 ms  DeleteObjects: 0.199400 ms)

========================================================================
Received Import Request.
  Time since last request: 100.716406 seconds.
  path: Assets/Scripts/Enemies/SimpleEnemy.cs
  artifactKey: Guid(34d780505020f2f45b5eee13f73ae19d) Importer(815301076,1909f56bfc062723c751e8b465ee728b)
Start importing Assets/Scripts/Enemies/SimpleEnemy.cs using Guid(34d780505020f2f45b5eee13f73ae19d) Importer(815301076,1909f56bfc062723c751e8b465ee728b)  -> (artifact id: '7c3c88c0d7712c12d9163aabaa2d16a9') in 0.007363 seconds
  Import took 0.011751 seconds .

========================================================================
Received Import Request.
  Time since last request: 16.448176 seconds.
  path: Assets/Prefabs/Square.prefab
  artifactKey: Guid(d296a66653553814d9e72773fd253f11) Importer(815301076,1909f56bfc062723c751e8b465ee728b)
Start importing Assets/Prefabs/Square.prefab using Guid(d296a66653553814d9e72773fd253f11) Importer(815301076,1909f56bfc062723c751e8b465ee728b)  -> (artifact id: '24ce25f1a48f7f420520e98c1aa37d24') in 0.058891 seconds
  Import took 0.064052 seconds .

========================================================================
Received Prepare
Registering precompiled user dll's ...
Registered in 0.001110 seconds.
Begin MonoManager ReloadAssembly
Native extension for WindowsStandalone target not found
Refreshing native plugins compatible for Editor in 0.49 ms, found 1 plugins.
Preloading 0 native plugins for Editor in 0.00 ms.
Invoked RoslynAnalysisRunner static constructor.
RoslynAnalysisRunner will not be running.
RoslynAnalysisRunner has terminated.
Mono: successfully reloaded assembly
- Completed reload, in  1.047 seconds
Platform modules already initialized, skipping
Refreshing native plugins compatible for Editor in 0.39 ms, found 1 plugins.
Preloading 0 native plugins for Editor in 0.00 ms.
Unloading 2085 Unused Serialized files (Serialized files now loaded: 0)
System memory in use before: 97.8 MB.
System memory in use after: 97.8 MB.

Unloading 12 unused Assets to reduce memory usage. Loaded Objects now: 2547.
Total: 2.585500 ms (FindLiveObjects: 0.288100 ms CreateObjectMapping: 0.142000 ms MarkObjects: 2.015000 ms  DeleteObjects: 0.139000 ms)

========================================================================
Received Import Request.
  Time since last request: 212.515143 seconds.
  path: Assets/Prefabs/Square.prefab
  artifactKey: Guid(d296a66653553814d9e72773fd253f11) Importer(815301076,1909f56bfc062723c751e8b465ee728b)
Start importing Assets/Prefabs/Square.prefab using Guid(d296a66653553814d9e72773fd253f11) Importer(815301076,1909f56bfc062723c751e8b465ee728b)  -> (artifact id: '298031d6905986b0312dfa7f8c768493') in 0.058915 seconds
  Import took 0.063552 seconds .

AssetImportWorkerClient::OnTransportError - code=2 error=End of file
